<?xml version="1.0" encoding="UTF-8"?>
<!-- Generated by org.testng.reporters.JUnitReportReporter -->
<testsuite hostname="DESKTOP-09TKVC2" failures="0" tests="1" name="TestCase4.Logout_User" time="8.428" errors="0" timestamp="2024-07-03T10:27:03 ICT" skipped="0">
  <testcase classname="TestCase4.Logout_User" name="redirect_to_login_page_when_click_logout_button" time="8.428"/>
  <system-out/>
</testsuite> <!-- TestCase4.Logout_User -->
