<?xml version="1.0" encoding="UTF-8"?>
<!-- Generated by org.testng.reporters.JUnitReportReporter -->
<testsuite hostname="DESKTOP-09TKVC2" failures="0" tests="2" name="TestCase6.Contact_form" time="3.832" errors="0" timestamp="2024-07-03T11:45:28 ICT" skipped="0">
  <testcase classname="TestCase6.Contact_form" name="redirect_to_contact_us_page" time="2.564"/>
  <system-out/>
  <testcase classname="TestCase6.Contact_form" name="submit_form_successfull" time="1.268"/>
  <system-out/>
</testsuite> <!-- TestCase6.Contact_form -->
