<?xml version="1.0" encoding="UTF-8"?>
<!-- Generated by org.testng.reporters.JUnitReportReporter -->
<testsuite hostname="DESKTOP-09TKVC2" failures="0" tests="2" name="TestCase9.Search_product" time="9.612" errors="0" timestamp="2024-07-05T13:42:19 ICT" skipped="0">
  <testcase classname="TestCase9.Search_product" name="redirect_to_product_detail_page_success" time="3.520"/>
  <system-out/>
  <testcase classname="TestCase9.Search_product" name="search_product_by_name_successfull" time="6.092"/>
  <system-out/>
</testsuite> <!-- TestCase9.Search_product -->
