<?xml version="1.0" encoding="UTF-8"?>
<!-- Generated by org.testng.reporters.JUnitReportReporter -->
<testsuite hostname="DESKTOP-09TKVC2" failures="0" tests="4" name="TestCase1.Register_User" time="19.820" errors="0" timestamp="2024-07-03T10:22:03 ICT" skipped="0">
  <testcase classname="TestCase1.Register_User" name="new_user_signup_is_visible" time="2.753"/>
  <system-out/>
  <testcase classname="TestCase1.Register_User" name="enter_account_information_is_visible" time="3.094"/>
  <system-out/>
  <testcase classname="TestCase1.Register_User" name="create_account_successfull" time="13.883"/>
  <system-out/>
  <testcase classname="TestCase1.Register_User" name="logged_in_as_username_is_visible" time="0.090"/>
  <system-out/>
</testsuite> <!-- TestCase1.Register_User -->
