<?xml version="1.0" encoding="UTF-8"?>
<!-- Generated by org.testng.reporters.JUnitReportReporter -->
<testsuite hostname="DESKTOP-09TKVC2" failures="0" tests="1" name="TestCase3.Login_incorrect_email_password" time="5.827" errors="0" timestamp="2024-07-03T10:15:29 ICT" skipped="0">
  <testcase classname="TestCase3.Login_incorrect_email_password" name="login_account_with_incorrect_email_password" time="5.827"/>
  <system-out/>
</testsuite> <!-- TestCase3.Login_incorrect_email_password -->
