<?xml version="1.0" encoding="UTF-8"?>
<!-- Generated by org.testng.reporters.JUnitReportReporter -->
<testsuite hostname="DESKTOP-09TKVC2" failures="0" tests="1" name="TestCase7.Test_case_page" time="5.346" errors="0" timestamp="2024-07-03T13:28:18 ICT" skipped="0">
  <testcase classname="TestCase7.Test_case_page" name="redirect_to_testcase_page" time="5.346"/>
  <system-out/>
</testsuite> <!-- TestCase7.Test_case_page -->
