<?xml version="1.0" encoding="UTF-8"?>
<!-- Generated by org.testng.reporters.JUnitReportReporter -->
<testsuite hostname="DESKTOP-09TKVC2" failures="0" tests="2" name="TestCase10.Subscription" time="0.953" errors="0" timestamp="2024-07-05T14:33:49 ICT" skipped="0">
  <testcase classname="TestCase10.Subscription" name="Subscription_text_visible" time="0.655"/>
  <system-out/>
  <testcase classname="TestCase10.Subscription" name="subscribe_successfull" time="0.298"/>
  <system-out/>
</testsuite> <!-- TestCase10.Subscription -->
