<?xml version="1.0" encoding="UTF-8"?>
<!-- Generated by org.testng.reporters.JUnitReportReporter -->
<testsuite hostname="DESKTOP-09TKVC2" failures="0" tests="1" name="TestCase8.Product_detail_page" time="25.068" errors="0" timestamp="2024-07-03T15:18:33 ICT" skipped="0">
  <testcase classname="TestCase8.Product_detail_page" name="redirect_to_product_detail_page_success" time="25.068"/>
  <system-out/>
</testsuite> <!-- TestCase8.Product_detail_page -->
