<?xml version="1.0" encoding="UTF-8"?>
<!-- Generated by org.testng.reporters.JUnitReportReporter -->
<testsuite hostname="DESKTOP-09TKVC2" failures="0" tests="2" name="TestCase11.Subscription1" time="2.418" errors="0" timestamp="2024-07-05T14:39:16 ICT" skipped="0">
  <testcase classname="TestCase11.Subscription1" name="Subscription_text_visible_at_cart_page" time="2.064"/>
  <system-out/>
  <testcase classname="TestCase11.Subscription1" name="Subscribe_successfull" time="0.354"/>
  <system-out/>
</testsuite> <!-- TestCase11.Subscription1 -->
