<?xml version="1.0" encoding="UTF-8"?>
<!-- Generated by org.testng.reporters.JUnitReportReporter -->
<testsuite hostname="DESKTOP-09TKVC2" failures="0" tests="1" name="TestCase5.Register_User_with_existed_email" time="5.258" errors="0" timestamp="2024-07-03T10:41:20 ICT" skipped="0">
  <testcase classname="TestCase5.Register_User_with_existed_email" name="Register_User_fail_with_existed_email" time="5.258"/>
  <system-out/>
</testsuite> <!-- TestCase5.Register_User_with_existed_email -->
